
> doneisbetter@1.20.0 dev
> next dev

 ⚠ Port 3000 is in use, trying 3001 instead.
 ⚠ Port 3001 is in use, trying 3002 instead.
 ⚠ Port 3002 is in use, trying 3003 instead.
   ▲ Next.js 14.1.0
   - Local:        http://localhost:3003
   - Environments: .env.local, .env

 ✓ Ready in 1058ms
 ✓ Compiled /api/users in 120ms (135 modules)
[2025-05-26T12:46:00.335Z] User API request: POST
MongoDB connected successfully
[2025-05-26T12:46:00.335Z] Processing user creation: newuser123
[2025-05-26T12:46:00.335Z] Handling potential race condition for username: newuser123
[2025-05-26T12:46:00.335Z] Duplicate key error: MongoServerError: E11000 duplicate key error collection: test.users index: email_1 dup key: { email: null }
    at InsertOneOperation.execute (/Users/moldovan/Projects/doneisbetter/node_modules/mongodb/lib/operations/insert.js:51:19)
    at process.processTicksAndRejections (node:internal/process/task_queues:105:5)
    at async tryOperation (/Users/moldovan/Projects/doneisbetter/node_modules/mongodb/lib/operations/execute_operation.js:207:20)
    at async executeOperation (/Users/moldovan/Projects/doneisbetter/node_modules/mongodb/lib/operations/execute_operation.js:75:16)
    at async Collection.insertOne (/Users/moldovan/Projects/doneisbetter/node_modules/mongodb/lib/collection.js:157:16) {
  errorLabelSet: Set(0) {},
  errorResponse: {
    index: 0,
    code: 11000,
    errmsg: 'E11000 duplicate key error collection: test.users index: email_1 dup key: { email: null }',
    keyPattern: { email: 1 },
    keyValue: { email: null }
  },
  index: 0,
  code: 11000,
  keyPattern: { email: 1 },
  keyValue: { email: null }
}
[2025-05-26T12:46:05.146Z] User API request: POST
[2025-05-26T12:46:05.146Z] Processing user creation: uniqueuser_1748263565
[2025-05-26T12:46:05.146Z] Handling potential race condition for username: uniqueuser_1748263565
[2025-05-26T12:46:05.146Z] Duplicate key error: MongoServerError: E11000 duplicate key error collection: test.users index: email_1 dup key: { email: null }
    at InsertOneOperation.execute (/Users/moldovan/Projects/doneisbetter/node_modules/mongodb/lib/operations/insert.js:51:19)
    at process.processTicksAndRejections (node:internal/process/task_queues:105:5)
    at async tryOperation (/Users/moldovan/Projects/doneisbetter/node_modules/mongodb/lib/operations/execute_operation.js:207:20)
    at async executeOperation (/Users/moldovan/Projects/doneisbetter/node_modules/mongodb/lib/operations/execute_operation.js:75:16)
    at async Collection.insertOne (/Users/moldovan/Projects/doneisbetter/node_modules/mongodb/lib/collection.js:157:16) {
  errorLabelSet: Set(0) {},
  errorResponse: {
    index: 0,
    code: 11000,
    errmsg: 'E11000 duplicate key error collection: test.users index: email_1 dup key: { email: null }',
    keyPattern: { email: 1 },
    keyValue: { email: null }
  },
  index: 0,
  code: 11000,
  keyPattern: { email: 1 },
  keyValue: { email: null }
}
[?25h
